 Pseudorange Program -- L1 only -- 16mar02
 orbit ref sys/source -- IGS00 HLM  IGS
orbit strt/stop,delt,neph        .00  85500.00 900.00    96
 station id -- mia3
file1  start/stop, intrvl     15.00  85494.98      5.00
 station id -- AOML
file2  start/stop, intrvl       .00  85470.00     30.00
common start/stop, intrvl       30.    85470.       30.
lodorb start/stop       .00  85500.00
 satellites and epochs         28          96
 precise position found for mia3
 precise position found for AOML
 coordinate dump
   982510.3519 -5664647.1857  2752419.6111
   982510.3519 -5664647.1857  2752419.6111
   982296.8094 -5664607.2281  2752614.4656
   982296.8094 -5664607.2281  2752614.4656
         .0000         .0000         .0000         .0000
         .0000         .0000         .0000         .0000
baseline =       291.8309 m.    interval =  23.73 hr.
 no troposphere model used
          16 entries in reference satellite table
 dump ref. sat. table  nrs =         16
   330.00    24
  9630.00    10     9300.00
 17730.00    26     8100.00
 23130.00    17     5400.00
 27030.00    15     3900.00
 28830.00    18     1800.00
 35730.00    21     6900.00
 41430.00    25     5700.00
 49830.00    22     8400.00
 54930.00     1     5100.00
 60630.00    31     5700.00
 66630.00    27     6000.00
 70830.00     8     4200.00
 76830.00    28     6000.00
 83130.00     4     6300.00
 85470.00    24     2340.00
 opened         28 scatter/gather files
max shift =        .318519 m.   n =  16893    rms =   1.0285 m.
max shift =        .034558 m.   n =  16685    rms =    .8480 m.
max shift =        .014098 m.   n =  16416    rms =    .8021 m.
max shift =        .008565 m.   n =  16296    rms =    .7852 m.
max shift =        .005123 m.   n =  16238    rms =    .7776 m.
 adjusted point 2 marker and l1 phase center
   982297.0122 -5664606.8722  2752614.4077
   982297.0122 -5664606.8722  2752614.4077
 delta x,y,z and n,e,u at point 2 marker
         .2028         .3559        -.0579
         .0851         .2606        -.3098
 rms per satellite    (with and without trim)
 1     491      .778      .838
 2     922      .679     1.617
 3     376      .693      .779
 4     598      .905      .984
 5     460      .743      .814
 6     499      .714      .764
 7     891      .755      .982
 8     498      .738      .937
 9     202      .816     1.023
10     425      .863     1.071
11     680      .780      .904
13     175      .982     1.174
14     873      .685     1.062
15     525      .787      .981
17     514      .830      .935
18     826      .726      .948
20     519      .829      .962
21     538      .770      .944
22     449      .759      .927
23     915      .792     1.232
24     792      .709      .856
25     698      .806      .932
26     376      .888     1.088
27     514      .707      .743
28     599      .835     1.005
29     891      .745      .885
30     473      .911     1.096
31     492      .727      .838
post-fit rms =    .7741 m.    n= 16211
 End of Processing
