  3600.0   47.687011563 -122.256296651   -3.0497   7
  3630.0   47.687004969 -122.256282642   -3.0271   7
  3660.0   47.687005432 -122.256292025   -5.5705   7
  3690.0   47.687007470 -122.256295752   -7.7634   6
  3720.0   47.687005799 -122.256282321   -3.0575   6
  3750.0   47.687013235 -122.256294913   -2.2449   6
  3780.0   47.687011172 -122.256301105   -4.6757   6
  3810.0   47.687018266 -122.256317577   -4.0094   6
  3840.0   47.687006422 -122.256301561   -5.6211   6
  3870.0   47.686993963 -122.256297486   -5.2119   6
  3900.0   47.686994768 -122.256302841   -5.9282   7
  3930.0   47.686999214 -122.256304559   -2.9754   7
  3960.0   47.687001926 -122.256300211   -3.0359   7
  3990.0   47.687006310 -122.256296173   -3.3269   7
  4020.0   47.687008413 -122.256307001   -4.2689   7
  4050.0   47.687013783 -122.256309478   -2.1569   7
  4080.0   47.687022390 -122.256310282   -3.1029   6
  4110.0   47.687008192 -122.256298235   -3.2255   7
  4140.0   47.687010594 -122.256306648   -4.2668   7
  4170.0   47.686996980 -122.256298649   -4.7028   7
  4200.0   47.687000601 -122.256298908   -5.0006   7
  4230.0   47.687008409 -122.256298561   -4.6230   7
  4260.0   47.687007055 -122.256304554   -4.8774   7
  4290.0   47.687005156 -122.256291685   -5.0943   7
  4320.0   47.686996095 -122.256293819   -3.3836   7
  4350.0   47.687010276 -122.256312206     .4594   7
  4380.0   47.687009117 -122.256310725     .9177   7
  4410.0   47.687008837 -122.256309823   -1.4230   7
  4440.0   47.687002076 -122.256295380   -3.0405   7
  4470.0   47.686998805 -122.256289617   -3.3441   7
  4500.0   47.687001538 -122.256293454   -4.3077   7
  4530.0   47.687017334 -122.256303952   -5.2233   7
  4560.0   47.687018867 -122.256290706   -5.1659   7
  4590.0   47.687027616 -122.256293293   -4.8087   7
  4620.0   47.687018676 -122.256282497   -3.0491   7
  4650.0   47.687011926 -122.256286002   -3.7156   7
  4680.0   47.687020998 -122.256301783   -4.4710   7
  4710.0   47.687010228 -122.256314256   -4.4295   7
  4740.0   47.687005488 -122.256311356   -5.0197   7
  4770.0   47.687007343 -122.256312390   -2.6222   7
  4800.0   47.686993508 -122.256304461   -2.1468   7
  4830.0   47.687012683 -122.256295253   -2.5810   7
  4860.0   47.687007594 -122.256287764   -1.8468   7
  4890.0   47.687010987 -122.256300783   -1.8943   7
  4920.0   47.686999955 -122.256304508   -2.4388   7
  4950.0   47.687000136 -122.256297303   -4.2517   7
  4980.0   47.687001497 -122.256299227   -4.1782   7
  5010.0   47.687000175 -122.256290894   -2.0781   7
  5040.0   47.687005348 -122.256300645   -3.5218   7
  5070.0   47.687009247 -122.256297679   -6.0021   7
  5100.0   47.687014405 -122.256301637   -5.3905   7
  5130.0   47.687003974 -122.256296027   -2.3455   7
  5160.0   47.687003287 -122.256295414   -2.5885   7
  5190.0   47.686997927 -122.256293335   -2.7131   7
  5220.0   47.687004884 -122.256302370   -2.2254   7
  5250.0   47.687007013 -122.256299217   -1.2268   7
  5280.0   47.687005275 -122.256302076   -1.3493   7
  5310.0   47.687006853 -122.256303351   -3.3879   7
  5340.0   47.687011484 -122.256294806   -6.3868   7
  5370.0   47.686998197 -122.256290147   -4.2061   7
  5400.0   47.687000195 -122.256287663   -3.6767   7
  5430.0   47.687007276 -122.256300345   -2.9611   7
  5460.0   47.687016597 -122.256305095   -4.5250   7
  5490.0   47.687011595 -122.256298233   -1.4161   8
  5520.0   47.687006468 -122.256293412   -3.1409   8
  5550.0   47.687006243 -122.256299532   -2.3720   8
  5580.0   47.687006477 -122.256300106   -2.9473   8
  5610.0   47.687006814 -122.256294896   -3.2696   8
  5640.0   47.687010557 -122.256310747   -4.4553   8
  5670.0   47.687011442 -122.256296987   -2.9617   8
  5700.0   47.687000702 -122.256295994   -2.7890   8
  5730.0   47.687007433 -122.256297907   -2.6484   8
  5760.0   47.687014723 -122.256285776   -3.6612   8
  5790.0   47.687009040 -122.256295397   -4.5120   8
  5820.0   47.687018323 -122.256293477   -6.6006   8
  5850.0   47.687007068 -122.256304659   -5.5849   8
  5880.0   47.687011299 -122.256304701   -5.1984   8
  5910.0   47.687006063 -122.256299046   -3.6564   8
  5940.0   47.687015547 -122.256308976   -7.3595   8
  5970.0   47.687005245 -122.256287159   -3.7097   8
  6000.0   47.687002738 -122.256294489   -1.9622   8
  6030.0   47.687004095 -122.256298223   -4.1157   8
  6060.0   47.687014300 -122.256306547   -5.5801   8
  6090.0   47.687010094 -122.256297874   -3.7033   8
  6120.0   47.687014775 -122.256297484   -4.2745   8
  6150.0   47.687017828 -122.256305671   -6.4827   8
  6180.0   47.687008692 -122.256299981   -4.7902   8
  6210.0   47.687006366 -122.256298440   -3.4428   8
  6240.0   47.687004584 -122.256309614   -4.7898   8
  6270.0   47.686996589 -122.256301361   -3.2271   8
  6300.0   47.686991406 -122.256303898   -2.1652   8
  6330.0   47.687006963 -122.256298095   -3.4211   8
  6360.0   47.687008955 -122.256288647   -4.0890   8
  6390.0   47.687016318 -122.256293862   -5.8152   8
  6420.0   47.687022302 -122.256307631   -7.1247   8
  6450.0   47.687011378 -122.256311288   -4.4194   8
  6480.0   47.687007377 -122.256291361   -5.4469   8
  6510.0   47.687006039 -122.256288926   -3.3505   8
  6540.0   47.687005835 -122.256299016   -3.0365   8
  6570.0   47.687020251 -122.256299437   -4.5276   8
  6600.0   47.687004710 -122.256299049   -3.7755   8
  6630.0   47.687005935 -122.256309907   -5.8595   8
  6660.0   47.687011418 -122.256315697   -4.8687   8
  6690.0   47.687012481 -122.256312863   -5.1729   8
  6720.0   47.687004124 -122.256293163   -3.3163   8
  6750.0   47.687008849 -122.256300805   -3.3785   8
  6780.0   47.687005728 -122.256295019   -1.9808   8
  6810.0   47.687009474 -122.256295023   -3.6488   8
  6840.0   47.687006147 -122.256302590   -4.3871   8
  6870.0   47.687005033 -122.256305622   -4.4948   8
  6900.0   47.687000158 -122.256285656   -3.8916   8
  6930.0   47.687005870 -122.256291766   -4.9534   8
  6960.0   47.687013518 -122.256302112   -5.2723   8
  6990.0   47.687006321 -122.256307790   -4.9217   8
  7020.0   47.687021322 -122.256305847   -6.8332   8
  7050.0   47.687004025 -122.256295486   -3.6501   9
  7080.0   47.687009770 -122.256297131   -5.0906   9
  7110.0   47.687010763 -122.256305008   -4.7572   9
  7140.0   47.687016745 -122.256301455   -7.2173   9
  7170.0   47.687008577 -122.256296843   -6.2747   9
  7200.0   47.687024846 -122.256306543   -6.0939   9
