 Triple Difference -- L1 Program -- 16mar02
 orbit ref sys/source -- IGS00 HLM  IGS
orbit strt/stop,delt,neph        .00  85500.00 900.00    96
 station id -- mia3
file1  start/stop, intrvl     15.00  85494.98      5.00
 station id -- AOML
file2  start/stop, intrvl       .00  85470.00     30.00
common start/stop, intrvl       30.    85470.       30.     23.73 hrs
lodorb start/stop       .00  85500.00
 satellites and epochs         28          96
 precise position found for mia3
 precise position found for AOML
 coordinate dump
   982510.3519 -5664647.1857  2752419.6111
   982510.3519 -5664647.1857  2752419.6111
   982296.8094 -5664607.2281  2752614.4656
   982296.8094 -5664607.2281  2752614.4656
         .0000         .0000         .0000         .0000
         .0000         .0000         .0000         .0000
baseline =       291.8309 m.    interval =  23.73 hr.
          16 entries in reference satellite table
 dump ref. sat. table  nrs =         16
   330.00    24
  9630.00    10     9300.00
 17730.00    26     8100.00
 23130.00    17     5400.00
 27030.00    15     3900.00
 28830.00    18     1800.00
 35730.00    21     6900.00
 41430.00    25     5700.00
 49830.00    22     8400.00
 54930.00     1     5100.00
 60630.00    31     5700.00
 66630.00    27     6000.00
 70830.00     8     4200.00
 76830.00    28     6000.00
 83130.00     4     6300.00
 85470.00    24     2340.00
 opened         28 scatter/gather files
n =  16741    rms =   .00390 m     max shift =        .017862 m
n =  16395    rms =   .00334 m     max shift =        .008338 m
n =  16155    rms =   .00314 m     max shift =        .002630 m
n =  16048    rms =   .00307 m     max shift =        .002238 m
 adjusted point 2 marker and l1 phase center
   982296.8129 -5664607.2217  2752614.4568
   982296.8129 -5664607.2217  2752614.4568
 rms per satellite    (with and without trim)
 1     480               .0032          75046.6416
 2     913               .0026         138415.6590
 3     364               .0028         213710.1865
 4     598               .0032         139994.4670
 5     461               .0025         179364.2968
 6     489               .0027         260708.6938
 7     874               .0029         180652.4687
 8     492               .0032          66736.4817
 9     197               .0036         266424.8392
10     430               .0033         287344.0496
11     675               .0032          91341.9835
13     180               .0036         245044.7070
14     869               .0029          96072.1261
15     514               .0030          53451.9655
17     526               .0031          51352.9770
18     805               .0030         104703.9380
20     517               .0034         253431.2258
21     539               .0032         106653.7345
22     451               .0034          75527.4930
23     901               .0027         127397.0481
24     774               .0028         188171.3292
25     684               .0030          58449.1795
26     372               .0037         140302.9578
27     503               .0032          62423.3958
28     591               .0032          71884.4911
29     882               .0033          51120.8514
30     481               .0031         187836.2321
31     487               .0032          76081.4838
post-fit rms =   .00307 m.    n= 16049
 End of Processing
